  [1m[35m (17.4ms)[0m  [1m[35mCREATE TABLE "schema_migrations" ("version" varchar NOT NULL PRIMARY KEY)[0m
  [1m[35m (44.6ms)[0m  [1m[35mCREATE TABLE "ar_internal_metadata" ("key" varchar NOT NULL PRIMARY KEY, "value" varchar, "created_at" datetime NOT NULL, "updated_at" datetime NOT NULL)[0m
  [1m[36mActiveRecord::SchemaMigration Load (3.3ms)[0m  [1m[34mSELECT "schema_migrations".* FROM "schema_migrations"[0m
Migrating to CreateUsers (20190312154017)
  [1m[35m (0.1ms)[0m  [1m[36mbegin transaction[0m
  [1m[35m (11.1ms)[0m  [1m[35mCREATE TABLE "users" ("id" INTEGER PRIMARY KEY AUTOINCREMENT NOT NULL, "first_name" varchar, "last_name" varchar, "email_address" varchar, "created_at" datetime NOT NULL, "updated_at" datetime NOT NULL)[0m
  [1m[35mSQL (1.1ms)[0m  [1m[32mINSERT INTO "schema_migrations" ("version") VALUES (?)[0m  [["version", "20190312154017"]]
  [1m[35m (7.5ms)[0m  [1m[36mcommit transaction[0m
Migrating to CreateBlogs (20190312154117)
  [1m[35m (0.1ms)[0m  [1m[36mbegin transaction[0m
  [1m[35m (8.5ms)[0m  [1m[35mCREATE TABLE "blogs" ("id" INTEGER PRIMARY KEY AUTOINCREMENT NOT NULL, "name" varchar, "description" text, "created_at" datetime NOT NULL, "updated_at" datetime NOT NULL)[0m
  [1m[35mSQL (1.8ms)[0m  [1m[32mINSERT INTO "schema_migrations" ("version") VALUES (?)[0m  [["version", "20190312154117"]]
  [1m[35m (10.1ms)[0m  [1m[36mcommit transaction[0m
Migrating to CreatePosts (20190312154600)
  [1m[35m (0.2ms)[0m  [1m[36mbegin transaction[0m
  [1m[35m (12.8ms)[0m  [1m[35mCREATE TABLE "posts" ("id" INTEGER PRIMARY KEY AUTOINCREMENT NOT NULL, "blog_id" integer, "user_id" integer, "title" varchar, "content" text, "created_at" datetime NOT NULL, "updated_at" datetime NOT NULL)[0m
  [1m[35m (0.2ms)[0m  [1m[34mselect sqlite_version(*)[0m
  [1m[35m (7.2ms)[0m  [1m[35mCREATE  INDEX "index_posts_on_blog_id" ON "posts" ("blog_id")[0m
  [1m[35m (0.2ms)[0m  [1m[34m            SELECT sql
            FROM sqlite_master
            WHERE name='index_posts_on_blog_id' AND type='index'
            UNION ALL
            SELECT sql
            FROM sqlite_temp_master
            WHERE name='index_posts_on_blog_id' AND type='index'
[0m
  [1m[35m (0.3ms)[0m  [1m[35mCREATE  INDEX "index_posts_on_user_id" ON "posts" ("user_id")[0m
  [1m[35mSQL (5.0ms)[0m  [1m[32mINSERT INTO "schema_migrations" ("version") VALUES (?)[0m  [["version", "20190312154600"]]
  [1m[35m (11.3ms)[0m  [1m[36mcommit transaction[0m
Migrating to CreateMessages (20190312154702)
  [1m[35m (0.2ms)[0m  [1m[36mbegin transaction[0m
  [1m[35m (14.3ms)[0m  [1m[35mCREATE TABLE "messages" ("id" INTEGER PRIMARY KEY AUTOINCREMENT NOT NULL, "post_id" integer, "user_id" integer, "author" varchar, "message" text, "created_at" datetime NOT NULL, "updated_at" datetime NOT NULL)[0m
  [1m[35m (0.8ms)[0m  [1m[35mCREATE  INDEX "index_messages_on_post_id" ON "messages" ("post_id")[0m
  [1m[35m (0.2ms)[0m  [1m[34m            SELECT sql
            FROM sqlite_master
            WHERE name='index_messages_on_post_id' AND type='index'
            UNION ALL
            SELECT sql
            FROM sqlite_temp_master
            WHERE name='index_messages_on_post_id' AND type='index'
[0m
  [1m[35m (0.4ms)[0m  [1m[35mCREATE  INDEX "index_messages_on_user_id" ON "messages" ("user_id")[0m
  [1m[35mSQL (1.5ms)[0m  [1m[32mINSERT INTO "schema_migrations" ("version") VALUES (?)[0m  [["version", "20190312154702"]]
  [1m[35m (7.8ms)[0m  [1m[36mcommit transaction[0m
Migrating to CreateOwners (20190312154753)
  [1m[35m (0.2ms)[0m  [1m[36mbegin transaction[0m
  [1m[35m (11.8ms)[0m  [1m[35mCREATE TABLE "owners" ("id" INTEGER PRIMARY KEY AUTOINCREMENT NOT NULL, "user_id" integer, "blog_id" integer, "created_at" datetime NOT NULL, "updated_at" datetime NOT NULL)[0m
  [1m[35m (0.3ms)[0m  [1m[35mCREATE  INDEX "index_owners_on_user_id" ON "owners" ("user_id")[0m
  [1m[35m (0.2ms)[0m  [1m[34m            SELECT sql
            FROM sqlite_master
            WHERE name='index_owners_on_user_id' AND type='index'
            UNION ALL
            SELECT sql
            FROM sqlite_temp_master
            WHERE name='index_owners_on_user_id' AND type='index'
[0m
  [1m[35m (0.3ms)[0m  [1m[35mCREATE  INDEX "index_owners_on_blog_id" ON "owners" ("blog_id")[0m
  [1m[35mSQL (1.6ms)[0m  [1m[32mINSERT INTO "schema_migrations" ("version") VALUES (?)[0m  [["version", "20190312154753"]]
  [1m[35m (10.1ms)[0m  [1m[36mcommit transaction[0m
  [1m[36mActiveRecord::InternalMetadata Load (3.1ms)[0m  [1m[34mSELECT  "ar_internal_metadata".* FROM "ar_internal_metadata" WHERE "ar_internal_metadata"."key" = ? LIMIT ?[0m  [["key", "environment"], ["LIMIT", 1]]
  [1m[35m (0.3ms)[0m  [1m[36mbegin transaction[0m
  [1m[35mSQL (11.4ms)[0m  [1m[32mINSERT INTO "ar_internal_metadata" ("key", "value", "created_at", "updated_at") VALUES (?, ?, ?, ?)[0m  [["key", "environment"], ["value", "development"], ["created_at", "2019-03-12 15:48:13.858077"], ["updated_at", "2019-03-12 15:48:13.858077"]]
  [1m[35m (5.2ms)[0m  [1m[36mcommit transaction[0m
  [1m[36mActiveRecord::SchemaMigration Load (2.7ms)[0m  [1m[34mSELECT "schema_migrations".* FROM "schema_migrations"[0m
  [1m[35m (2.8ms)[0m  [1m[34m            SELECT sql
            FROM sqlite_master
            WHERE name='index_messages_on_user_id' AND type='index'
            UNION ALL
            SELECT sql
            FROM sqlite_temp_master
            WHERE name='index_messages_on_user_id' AND type='index'
[0m
  [1m[35m (3.3ms)[0m  [1m[34m            SELECT sql
            FROM sqlite_master
            WHERE name='index_messages_on_post_id' AND type='index'
            UNION ALL
            SELECT sql
            FROM sqlite_temp_master
            WHERE name='index_messages_on_post_id' AND type='index'
[0m
  [1m[35m (2.8ms)[0m  [1m[34m            SELECT sql
            FROM sqlite_master
            WHERE name='index_owners_on_blog_id' AND type='index'
            UNION ALL
            SELECT sql
            FROM sqlite_temp_master
            WHERE name='index_owners_on_blog_id' AND type='index'
[0m
  [1m[35m (3.0ms)[0m  [1m[34m            SELECT sql
            FROM sqlite_master
            WHERE name='index_owners_on_user_id' AND type='index'
            UNION ALL
            SELECT sql
            FROM sqlite_temp_master
            WHERE name='index_owners_on_user_id' AND type='index'
[0m
  [1m[35m (2.8ms)[0m  [1m[34m            SELECT sql
            FROM sqlite_master
            WHERE name='index_posts_on_user_id' AND type='index'
            UNION ALL
            SELECT sql
            FROM sqlite_temp_master
            WHERE name='index_posts_on_user_id' AND type='index'
[0m
  [1m[35m (3.2ms)[0m  [1m[34m            SELECT sql
            FROM sqlite_master
            WHERE name='index_posts_on_blog_id' AND type='index'
            UNION ALL
            SELECT sql
            FROM sqlite_temp_master
            WHERE name='index_posts_on_blog_id' AND type='index'
[0m
  [1m[36mActiveRecord::SchemaMigration Load (3.9ms)[0m  [1m[34mSELECT "schema_migrations".* FROM "schema_migrations"[0m
  [1m[36mActiveRecord::InternalMetadata Load (3.6ms)[0m  [1m[34mSELECT  "ar_internal_metadata".* FROM "ar_internal_metadata" WHERE "ar_internal_metadata"."key" = ? LIMIT ?[0m  [["key", "environment"], ["LIMIT", 1]]
  [1m[35m (0.1ms)[0m  [1m[36mbegin transaction[0m
  [1m[35m (0.1ms)[0m  [1m[36mcommit transaction[0m
  [1m[36mActiveRecord::SchemaMigration Load (3.1ms)[0m  [1m[34mSELECT "schema_migrations".* FROM "schema_migrations"[0m
  [1m[35m (3.3ms)[0m  [1m[34m            SELECT sql
            FROM sqlite_master
            WHERE name='index_messages_on_user_id' AND type='index'
            UNION ALL
            SELECT sql
            FROM sqlite_temp_master
            WHERE name='index_messages_on_user_id' AND type='index'
[0m
  [1m[35m (3.8ms)[0m  [1m[34m            SELECT sql
            FROM sqlite_master
            WHERE name='index_messages_on_post_id' AND type='index'
            UNION ALL
            SELECT sql
            FROM sqlite_temp_master
            WHERE name='index_messages_on_post_id' AND type='index'
[0m
  [1m[35m (3.3ms)[0m  [1m[34m            SELECT sql
            FROM sqlite_master
            WHERE name='index_owners_on_blog_id' AND type='index'
            UNION ALL
            SELECT sql
            FROM sqlite_temp_master
            WHERE name='index_owners_on_blog_id' AND type='index'
[0m
  [1m[35m (5.4ms)[0m  [1m[34m            SELECT sql
            FROM sqlite_master
            WHERE name='index_owners_on_user_id' AND type='index'
            UNION ALL
            SELECT sql
            FROM sqlite_temp_master
            WHERE name='index_owners_on_user_id' AND type='index'
[0m
  [1m[35m (4.5ms)[0m  [1m[34m            SELECT sql
            FROM sqlite_master
            WHERE name='index_posts_on_user_id' AND type='index'
            UNION ALL
            SELECT sql
            FROM sqlite_temp_master
            WHERE name='index_posts_on_user_id' AND type='index'
[0m
  [1m[35m (4.4ms)[0m  [1m[34m            SELECT sql
            FROM sqlite_master
            WHERE name='index_posts_on_blog_id' AND type='index'
            UNION ALL
            SELECT sql
            FROM sqlite_temp_master
            WHERE name='index_posts_on_blog_id' AND type='index'
[0m
  [1m[36mUser Load (23.7ms)[0m  [1m[34mSELECT "users".* FROM "users"[0m
  [1m[35m (0.1ms)[0m  [1m[36mbegin transaction[0m
  [1m[36mUser Exists (3.6ms)[0m  [1m[34mSELECT  1 AS one FROM "users" WHERE LOWER("users"."email_address") = LOWER(?) LIMIT ?[0m  [["email_address", "jwick@gmail.com"], ["LIMIT", 1]]
  [1m[35mSQL (6.8ms)[0m  [1m[32mINSERT INTO "users" ("first_name", "last_name", "email_address", "created_at", "updated_at") VALUES (?, ?, ?, ?, ?)[0m  [["first_name", "John"], ["last_name", "Wick"], ["email_address", "jwick@gmail.com"], ["created_at", "2019-03-12 15:55:28.196789"], ["updated_at", "2019-03-12 15:55:28.196789"]]
  [1m[35m (6.1ms)[0m  [1m[36mcommit transaction[0m
  [1m[35m (0.1ms)[0m  [1m[36mbegin transaction[0m
  [1m[36mUser Exists (4.2ms)[0m  [1m[34mSELECT  1 AS one FROM "users" WHERE LOWER("users"."email_address") = LOWER(?) LIMIT ?[0m  [["email_address", "pparker@gmail.com"], ["LIMIT", 1]]
  [1m[35mSQL (7.5ms)[0m  [1m[32mINSERT INTO "users" ("first_name", "last_name", "email_address", "created_at", "updated_at") VALUES (?, ?, ?, ?, ?)[0m  [["first_name", "Peter"], ["last_name", "Parker"], ["email_address", "pparker@gmail.com"], ["created_at", "2019-03-12 15:56:04.629277"], ["updated_at", "2019-03-12 15:56:04.629277"]]
  [1m[35m (8.3ms)[0m  [1m[36mcommit transaction[0m
  [1m[35m (0.1ms)[0m  [1m[36mbegin transaction[0m
  [1m[36mUser Exists (3.9ms)[0m  [1m[34mSELECT  1 AS one FROM "users" WHERE LOWER("users"."email_address") = LOWER(?) LIMIT ?[0m  [["email_address", "jwick2@gmail.com"], ["LIMIT", 1]]
  [1m[35mSQL (6.0ms)[0m  [1m[32mINSERT INTO "users" ("first_name", "last_name", "email_address", "created_at", "updated_at") VALUES (?, ?, ?, ?, ?)[0m  [["first_name", "Jane"], ["last_name", "Wick"], ["email_address", "jwick2@gmail.com"], ["created_at", "2019-03-12 15:56:17.366020"], ["updated_at", "2019-03-12 15:56:17.366020"]]
  [1m[35m (7.1ms)[0m  [1m[36mcommit transaction[0m
  [1m[35m (0.5ms)[0m  [1m[36mbegin transaction[0m
  [1m[36mUser Exists (4.3ms)[0m  [1m[34mSELECT  1 AS one FROM "users" WHERE LOWER("users"."email_address") = LOWER(?) LIMIT ?[0m  [["email_address", "ckent@gmail.com"], ["LIMIT", 1]]
  [1m[35mSQL (6.3ms)[0m  [1m[32mINSERT INTO "users" ("first_name", "last_name", "email_address", "created_at", "updated_at") VALUES (?, ?, ?, ?, ?)[0m  [["first_name", "Clark"], ["last_name", "Kent"], ["email_address", "ckent@gmail.com"], ["created_at", "2019-03-12 15:57:31.252509"], ["updated_at", "2019-03-12 15:57:31.252509"]]
  [1m[35m (6.6ms)[0m  [1m[36mcommit transaction[0m
  [1m[35m (0.1ms)[0m  [1m[36mbegin transaction[0m
  [1m[36mUser Exists (4.4ms)[0m  [1m[34mSELECT  1 AS one FROM "users" WHERE LOWER("users"."email_address") = LOWER(?) LIMIT ?[0m  [["email_address", "bwayne@gmail.com"], ["LIMIT", 1]]
  [1m[35mSQL (7.7ms)[0m  [1m[32mINSERT INTO "users" ("first_name", "last_name", "email_address", "created_at", "updated_at") VALUES (?, ?, ?, ?, ?)[0m  [["first_name", "Bruce"], ["last_name", "Wayne"], ["email_address", "bwayne@gmail.com"], ["created_at", "2019-03-12 15:58:13.352785"], ["updated_at", "2019-03-12 15:58:13.352785"]]
  [1m[35m (7.1ms)[0m  [1m[36mcommit transaction[0m
  [1m[35m (0.2ms)[0m  [1m[36mbegin transaction[0m
  [1m[35mSQL (10.3ms)[0m  [1m[32mINSERT INTO "blogs" ("name", "description", "created_at", "updated_at") VALUES (?, ?, ?, ?)[0m  [["name", "Blog1"], ["description", "This is blog 1..."], ["created_at", "2019-03-12 15:59:23.750653"], ["updated_at", "2019-03-12 15:59:23.750653"]]
  [1m[35m (7.8ms)[0m  [1m[36mcommit transaction[0m
  [1m[35m (0.2ms)[0m  [1m[36mbegin transaction[0m
  [1m[35mSQL (10.6ms)[0m  [1m[32mINSERT INTO "blogs" ("name", "description", "created_at", "updated_at") VALUES (?, ?, ?, ?)[0m  [["name", "Blog2"], ["description", "This is blog 2..."], ["created_at", "2019-03-12 15:59:34.955976"], ["updated_at", "2019-03-12 15:59:34.955976"]]
  [1m[35m (6.9ms)[0m  [1m[36mcommit transaction[0m
  [1m[35m (0.1ms)[0m  [1m[36mbegin transaction[0m
  [1m[35mSQL (51.6ms)[0m  [1m[32mINSERT INTO "blogs" ("name", "description", "created_at", "updated_at") VALUES (?, ?, ?, ?)[0m  [["name", "Blog3"], ["description", "This is blog 3..."], ["created_at", "2019-03-12 15:59:41.822666"], ["updated_at", "2019-03-12 15:59:41.822666"]]
  [1m[35m (9.5ms)[0m  [1m[36mcommit transaction[0m
  [1m[35m (0.1ms)[0m  [1m[36mbegin transaction[0m
  [1m[35mSQL (23.3ms)[0m  [1m[32mINSERT INTO "blogs" ("name", "description", "created_at", "updated_at") VALUES (?, ?, ?, ?)[0m  [["name", "Blog4"], ["description", "This is blog 4..."], ["created_at", "2019-03-12 15:59:48.685785"], ["updated_at", "2019-03-12 15:59:48.685785"]]
  [1m[35m (6.2ms)[0m  [1m[36mcommit transaction[0m
  [1m[35m (0.1ms)[0m  [1m[36mbegin transaction[0m
  [1m[35mSQL (10.2ms)[0m  [1m[32mINSERT INTO "blogs" ("name", "description", "created_at", "updated_at") VALUES (?, ?, ?, ?)[0m  [["name", "Blog5"], ["description", "This is blog 5..."], ["created_at", "2019-03-12 15:59:54.663658"], ["updated_at", "2019-03-12 15:59:54.663658"]]
  [1m[35m (7.2ms)[0m  [1m[36mcommit transaction[0m
  [1m[36mUser Load (4.5ms)[0m  [1m[34mSELECT  "users".* FROM "users" ORDER BY "users"."id" ASC LIMIT ?[0m  [["LIMIT", 1]]
  [1m[36mUser Load (4.1ms)[0m  [1m[34mSELECT  "users".* FROM "users" ORDER BY "users"."id" ASC LIMIT ?[0m  [["LIMIT", 1]]
  [1m[36mBlog Load (3.9ms)[0m  [1m[34mSELECT  "blogs".* FROM "blogs" ORDER BY "blogs"."id" ASC LIMIT ?[0m  [["LIMIT", 1]]
  [1m[35m (0.1ms)[0m  [1m[36mbegin transaction[0m
  [1m[35mSQL (10.2ms)[0m  [1m[32mINSERT INTO "owners" ("user_id", "blog_id", "created_at", "updated_at") VALUES (?, ?, ?, ?)[0m  [["user_id", 1], ["blog_id", 1], ["created_at", "2019-03-12 16:02:42.881299"], ["updated_at", "2019-03-12 16:02:42.881299"]]
  [1m[35m (6.3ms)[0m  [1m[36mcommit transaction[0m
  [1m[36mUser Load (4.3ms)[0m  [1m[34mSELECT  "users".* FROM "users" ORDER BY "users"."id" ASC LIMIT ?[0m  [["LIMIT", 1]]
  [1m[36mBlog Load (3.8ms)[0m  [1m[34mSELECT  "blogs".* FROM "blogs" ORDER BY "blogs"."id" ASC LIMIT ? OFFSET ?[0m  [["LIMIT", 1], ["OFFSET", 1]]
  [1m[35m (0.1ms)[0m  [1m[36mbegin transaction[0m
  [1m[35mSQL (12.3ms)[0m  [1m[32mINSERT INTO "owners" ("user_id", "blog_id", "created_at", "updated_at") VALUES (?, ?, ?, ?)[0m  [["user_id", 1], ["blog_id", 2], ["created_at", "2019-03-12 16:02:49.941621"], ["updated_at", "2019-03-12 16:02:49.941621"]]
  [1m[35m (8.0ms)[0m  [1m[36mcommit transaction[0m
  [1m[36mUser Load (3.9ms)[0m  [1m[34mSELECT  "users".* FROM "users" ORDER BY "users"."id" ASC LIMIT ?[0m  [["LIMIT", 1]]
  [1m[36mBlog Load (3.8ms)[0m  [1m[34mSELECT  "blogs".* FROM "blogs" ORDER BY "blogs"."id" ASC LIMIT ? OFFSET ?[0m  [["LIMIT", 1], ["OFFSET", 2]]
  [1m[35m (0.1ms)[0m  [1m[36mbegin transaction[0m
  [1m[35mSQL (11.2ms)[0m  [1m[32mINSERT INTO "owners" ("user_id", "blog_id", "created_at", "updated_at") VALUES (?, ?, ?, ?)[0m  [["user_id", 1], ["blog_id", 3], ["created_at", "2019-03-12 16:02:57.672254"], ["updated_at", "2019-03-12 16:02:57.672254"]]
  [1m[35m (7.3ms)[0m  [1m[36mcommit transaction[0m
  [1m[36mUser Load (4.7ms)[0m  [1m[34mSELECT  "users".* FROM "users" ORDER BY "users"."id" ASC LIMIT ? OFFSET ?[0m  [["LIMIT", 1], ["OFFSET", 1]]
  [1m[36mBlog Load (3.8ms)[0m  [1m[34mSELECT  "blogs".* FROM "blogs" ORDER BY "blogs"."id" ASC LIMIT ? OFFSET ?[0m  [["LIMIT", 1], ["OFFSET", 3]]
  [1m[35m (0.2ms)[0m  [1m[36mbegin transaction[0m
  [1m[35mSQL (25.9ms)[0m  [1m[32mINSERT INTO "owners" ("user_id", "blog_id", "created_at", "updated_at") VALUES (?, ?, ?, ?)[0m  [["user_id", 2], ["blog_id", 4], ["created_at", "2019-03-12 16:23:34.825864"], ["updated_at", "2019-03-12 16:23:34.825864"]]
  [1m[35m (8.5ms)[0m  [1m[36mcommit transaction[0m
  [1m[36mUser Load (3.9ms)[0m  [1m[34mSELECT  "users".* FROM "users" ORDER BY "users"."id" DESC LIMIT ?[0m  [["LIMIT", 1]]
  [1m[36mBlog Load (14.5ms)[0m  [1m[34mSELECT  "blogs".* FROM "blogs" ORDER BY "blogs"."id" ASC LIMIT ? OFFSET ?[0m  [["LIMIT", 1], ["OFFSET", 4]]
  [1m[35m (0.1ms)[0m  [1m[36mbegin transaction[0m
  [1m[35mSQL (13.6ms)[0m  [1m[32mINSERT INTO "owners" ("user_id", "blog_id", "created_at", "updated_at") VALUES (?, ?, ?, ?)[0m  [["user_id", 5], ["blog_id", 5], ["created_at", "2019-03-12 16:24:00.679217"], ["updated_at", "2019-03-12 16:24:00.679217"]]
  [1m[35m (8.4ms)[0m  [1m[36mcommit transaction[0m
  [1m[36mBlog Load (7.4ms)[0m  [1m[34mSELECT "blogs".* FROM "blogs"[0m
  [1m[36mUser Load (4.2ms)[0m  [1m[34mSELECT  "users".* FROM "users" ORDER BY "users"."id" ASC LIMIT ? OFFSET ?[0m  [["LIMIT", 1], ["OFFSET", 2]]
  [1m[36mUser Load (4.4ms)[0m  [1m[34mSELECT  "users".* FROM "users" ORDER BY "users"."id" ASC LIMIT ? OFFSET ?[0m  [["LIMIT", 1], ["OFFSET", 2]]
  [1m[36mBlog Load (3.6ms)[0m  [1m[34mSELECT  "blogs".* FROM "blogs" WHERE "blogs"."id" = ? LIMIT ?[0m  [["id", 1], ["LIMIT", 1]]
  [1m[35m (0.2ms)[0m  [1m[36mbegin transaction[0m
  [1m[35mSQL (9.0ms)[0m  [1m[32mINSERT INTO "owners" ("user_id", "blog_id", "created_at", "updated_at") VALUES (?, ?, ?, ?)[0m  [["user_id", 3], ["blog_id", 1], ["created_at", "2019-03-12 16:43:27.429106"], ["updated_at", "2019-03-12 16:43:27.429106"]]
  [1m[35m (5.5ms)[0m  [1m[36mcommit transaction[0m
  [1m[36mUser Load (3.9ms)[0m  [1m[34mSELECT  "users".* FROM "users" ORDER BY "users"."id" ASC LIMIT ? OFFSET ?[0m  [["LIMIT", 1], ["OFFSET", 2]]
  [1m[36mBlog Load (3.8ms)[0m  [1m[34mSELECT  "blogs".* FROM "blogs" WHERE "blogs"."id" = ? LIMIT ?[0m  [["id", 2], ["LIMIT", 1]]
  [1m[35m (0.2ms)[0m  [1m[36mbegin transaction[0m
  [1m[35mSQL (10.7ms)[0m  [1m[32mINSERT INTO "owners" ("user_id", "blog_id", "created_at", "updated_at") VALUES (?, ?, ?, ?)[0m  [["user_id", 3], ["blog_id", 2], ["created_at", "2019-03-12 16:43:34.191509"], ["updated_at", "2019-03-12 16:43:34.191509"]]
  [1m[35m (7.4ms)[0m  [1m[36mcommit transaction[0m
  [1m[36mUser Load (4.5ms)[0m  [1m[34mSELECT  "users".* FROM "users" ORDER BY "users"."id" ASC LIMIT ? OFFSET ?[0m  [["LIMIT", 1], ["OFFSET", 2]]
  [1m[36mBlog Load (5.9ms)[0m  [1m[34mSELECT  "blogs".* FROM "blogs" WHERE "blogs"."id" = ? LIMIT ?[0m  [["id", 3], ["LIMIT", 1]]
  [1m[35m (0.2ms)[0m  [1m[36mbegin transaction[0m
  [1m[35mSQL (11.5ms)[0m  [1m[32mINSERT INTO "owners" ("user_id", "blog_id", "created_at", "updated_at") VALUES (?, ?, ?, ?)[0m  [["user_id", 3], ["blog_id", 3], ["created_at", "2019-03-12 16:43:38.647904"], ["updated_at", "2019-03-12 16:43:38.647904"]]
  [1m[35m (8.9ms)[0m  [1m[36mcommit transaction[0m
  [1m[36mUser Load (4.4ms)[0m  [1m[34mSELECT  "users".* FROM "users" ORDER BY "users"."id" ASC LIMIT ? OFFSET ?[0m  [["LIMIT", 1], ["OFFSET", 2]]
  [1m[36mBlog Load (4.4ms)[0m  [1m[34mSELECT  "blogs".* FROM "blogs" WHERE "blogs"."id" = ? LIMIT ?[0m  [["id", 4], ["LIMIT", 1]]
  [1m[35m (0.2ms)[0m  [1m[36mbegin transaction[0m
  [1m[35mSQL (11.7ms)[0m  [1m[32mINSERT INTO "owners" ("user_id", "blog_id", "created_at", "updated_at") VALUES (?, ?, ?, ?)[0m  [["user_id", 3], ["blog_id", 4], ["created_at", "2019-03-12 16:43:42.218062"], ["updated_at", "2019-03-12 16:43:42.218062"]]
  [1m[35m (6.9ms)[0m  [1m[36mcommit transaction[0m
  [1m[36mUser Load (4.5ms)[0m  [1m[34mSELECT  "users".* FROM "users" ORDER BY "users"."id" ASC LIMIT ? OFFSET ?[0m  [["LIMIT", 1], ["OFFSET", 2]]
  [1m[36mBlog Load (4.5ms)[0m  [1m[34mSELECT  "blogs".* FROM "blogs" WHERE "blogs"."id" = ? LIMIT ?[0m  [["id", 5], ["LIMIT", 1]]
  [1m[35m (0.1ms)[0m  [1m[36mbegin transaction[0m
  [1m[35mSQL (11.5ms)[0m  [1m[32mINSERT INTO "owners" ("user_id", "blog_id", "created_at", "updated_at") VALUES (?, ?, ?, ?)[0m  [["user_id", 3], ["blog_id", 5], ["created_at", "2019-03-12 16:43:44.943367"], ["updated_at", "2019-03-12 16:43:44.943367"]]
  [1m[35m (8.0ms)[0m  [1m[36mcommit transaction[0m
  [1m[36mBlog Load (3.8ms)[0m  [1m[34mSELECT  "blogs".* FROM "blogs" WHERE "blogs"."id" = ? LIMIT ?[0m  [["id", 2], ["LIMIT", 1]]
  [1m[36mUser Load (3.9ms)[0m  [1m[34mSELECT  "users".* FROM "users" ORDER BY "users"."id" ASC LIMIT ?[0m  [["LIMIT", 1]]
  [1m[35m (0.4ms)[0m  [1m[36mbegin transaction[0m
  [1m[35m (0.1ms)[0m  [1m[31mrollback transaction[0m
  [1m[36mBlog Load (4.2ms)[0m  [1m[34mSELECT  "blogs".* FROM "blogs" WHERE "blogs"."id" = ? LIMIT ?[0m  [["id", 2], ["LIMIT", 1]]
  [1m[36mUser Load (9.1ms)[0m  [1m[34mSELECT  "users".* FROM "users" ORDER BY "users"."id" ASC LIMIT ?[0m  [["LIMIT", 1]]
  [1m[35m (0.2ms)[0m  [1m[36mbegin transaction[0m
  [1m[35m (0.1ms)[0m  [1m[31mrollback transaction[0m
  [1m[36mBlog Load (4.3ms)[0m  [1m[34mSELECT  "blogs".* FROM "blogs" WHERE "blogs"."id" = ? LIMIT ?[0m  [["id", 2], ["LIMIT", 1]]
  [1m[36mUser Load (4.1ms)[0m  [1m[34mSELECT  "users".* FROM "users" ORDER BY "users"."id" ASC LIMIT ?[0m  [["LIMIT", 1]]
  [1m[35m (0.2ms)[0m  [1m[36mbegin transaction[0m
  [1m[35mSQL (14.3ms)[0m  [1m[32mINSERT INTO "posts" ("blog_id", "user_id", "title", "content", "created_at", "updated_at") VALUES (?, ?, ?, ?, ?, ?)[0m  [["blog_id", 2], ["user_id", 1], ["title", "Post No 1"], ["content", "This is the content of post 1..."], ["created_at", "2019-03-12 16:46:11.935087"], ["updated_at", "2019-03-12 16:46:11.935087"]]
  [1m[35m (8.7ms)[0m  [1m[36mcommit transaction[0m
  [1m[36mBlog Load (4.0ms)[0m  [1m[34mSELECT  "blogs".* FROM "blogs" WHERE "blogs"."id" = ? LIMIT ?[0m  [["id", 2], ["LIMIT", 1]]
  [1m[36mUser Load (4.2ms)[0m  [1m[34mSELECT  "users".* FROM "users" ORDER BY "users"."id" ASC LIMIT ?[0m  [["LIMIT", 1]]
  [1m[35m (0.2ms)[0m  [1m[36mbegin transaction[0m
  [1m[35mSQL (26.6ms)[0m  [1m[32mINSERT INTO "posts" ("blog_id", "user_id", "title", "content", "created_at", "updated_at") VALUES (?, ?, ?, ?, ?, ?)[0m  [["blog_id", 2], ["user_id", 1], ["title", "Post No 2"], ["content", "This is the content of post 2..."], ["created_at", "2019-03-12 16:46:28.047681"], ["updated_at", "2019-03-12 16:46:28.047681"]]
  [1m[35m (9.6ms)[0m  [1m[36mcommit transaction[0m
  [1m[36mBlog Load (4.3ms)[0m  [1m[34mSELECT  "blogs".* FROM "blogs" WHERE "blogs"."id" = ? LIMIT ?[0m  [["id", 2], ["LIMIT", 1]]
  [1m[36mUser Load (3.3ms)[0m  [1m[34mSELECT  "users".* FROM "users" ORDER BY "users"."id" ASC LIMIT ?[0m  [["LIMIT", 1]]
  [1m[35m (0.2ms)[0m  [1m[36mbegin transaction[0m
  [1m[35mSQL (8.8ms)[0m  [1m[32mINSERT INTO "posts" ("blog_id", "user_id", "title", "content", "created_at", "updated_at") VALUES (?, ?, ?, ?, ?, ?)[0m  [["blog_id", 2], ["user_id", 1], ["title", "Post No 3"], ["content", "This is the content of post 3..."], ["created_at", "2019-03-12 16:46:40.068724"], ["updated_at", "2019-03-12 16:46:40.068724"]]
  [1m[35m (7.2ms)[0m  [1m[36mcommit transaction[0m
  [1m[36mBlog Load (4.3ms)[0m  [1m[34mSELECT  "blogs".* FROM "blogs" ORDER BY "blogs"."id" DESC LIMIT ?[0m  [["LIMIT", 1]]
  [1m[36mUser Load (3.9ms)[0m  [1m[34mSELECT  "users".* FROM "users" ORDER BY "users"."id" ASC LIMIT ? OFFSET ?[0m  [["LIMIT", 1], ["OFFSET", 1]]
  [1m[35m (0.1ms)[0m  [1m[36mbegin transaction[0m
  [1m[35mSQL (12.3ms)[0m  [1m[32mINSERT INTO "posts" ("blog_id", "user_id", "title", "content", "created_at", "updated_at") VALUES (?, ?, ?, ?, ?, ?)[0m  [["blog_id", 5], ["user_id", 2], ["title", "Post No 1"], ["content", "This is the content for Post 1"], ["created_at", "2019-03-12 16:48:03.301701"], ["updated_at", "2019-03-12 16:48:03.301701"]]
  [1m[35m (8.2ms)[0m  [1m[36mcommit transaction[0m
  [1m[36mBlog Load (4.0ms)[0m  [1m[34mSELECT  "blogs".* FROM "blogs" ORDER BY "blogs"."id" DESC LIMIT ?[0m  [["LIMIT", 1]]
  [1m[36mUser Load (3.6ms)[0m  [1m[34mSELECT  "users".* FROM "users" ORDER BY "users"."id" ASC LIMIT ? OFFSET ?[0m  [["LIMIT", 1], ["OFFSET", 1]]
  [1m[35m (0.1ms)[0m  [1m[36mbegin transaction[0m
  [1m[35mSQL (10.6ms)[0m  [1m[32mINSERT INTO "posts" ("blog_id", "user_id", "title", "content", "created_at", "updated_at") VALUES (?, ?, ?, ?, ?, ?)[0m  [["blog_id", 5], ["user_id", 2], ["title", "Post No 2"], ["content", "This is the content for Post 2"], ["created_at", "2019-03-12 16:48:14.328882"], ["updated_at", "2019-03-12 16:48:14.328882"]]
  [1m[35m (7.1ms)[0m  [1m[36mcommit transaction[0m
  [1m[36mBlog Load (4.1ms)[0m  [1m[34mSELECT  "blogs".* FROM "blogs" ORDER BY "blogs"."id" DESC LIMIT ?[0m  [["LIMIT", 1]]
  [1m[36mUser Load (4.1ms)[0m  [1m[34mSELECT  "users".* FROM "users" ORDER BY "users"."id" ASC LIMIT ? OFFSET ?[0m  [["LIMIT", 1], ["OFFSET", 1]]
  [1m[35m (0.1ms)[0m  [1m[36mbegin transaction[0m
  [1m[35mSQL (11.2ms)[0m  [1m[32mINSERT INTO "posts" ("blog_id", "user_id", "title", "content", "created_at", "updated_at") VALUES (?, ?, ?, ?, ?, ?)[0m  [["blog_id", 5], ["user_id", 2], ["title", "Post No 3"], ["content", "This is the content for Post 3"], ["created_at", "2019-03-12 16:48:21.795588"], ["updated_at", "2019-03-12 16:48:21.795588"]]
  [1m[35m (7.6ms)[0m  [1m[36mcommit transaction[0m
  [1m[36mBlog Load (3.8ms)[0m  [1m[34mSELECT  "blogs".* FROM "blogs" ORDER BY "blogs"."id" DESC LIMIT ?[0m  [["LIMIT", 1]]
  [1m[36mUser Load (4.0ms)[0m  [1m[34mSELECT  "users".* FROM "users" ORDER BY "users"."id" ASC LIMIT ? OFFSET ?[0m  [["LIMIT", 1], ["OFFSET", 1]]
  [1m[35m (0.1ms)[0m  [1m[36mbegin transaction[0m
  [1m[35mSQL (11.0ms)[0m  [1m[32mINSERT INTO "posts" ("blog_id", "user_id", "title", "content", "created_at", "updated_at") VALUES (?, ?, ?, ?, ?, ?)[0m  [["blog_id", 5], ["user_id", 2], ["title", "Post No 4"], ["content", "This is the content for Post 4"], ["created_at", "2019-03-12 16:48:29.797671"], ["updated_at", "2019-03-12 16:48:29.797671"]]
  [1m[35m (7.9ms)[0m  [1m[36mcommit transaction[0m
  [1m[36mBlog Load (4.0ms)[0m  [1m[34mSELECT  "blogs".* FROM "blogs" ORDER BY "blogs"."id" DESC LIMIT ?[0m  [["LIMIT", 1]]
  [1m[36mUser Load (3.8ms)[0m  [1m[34mSELECT  "users".* FROM "users" ORDER BY "users"."id" ASC LIMIT ? OFFSET ?[0m  [["LIMIT", 1], ["OFFSET", 1]]
  [1m[35m (0.2ms)[0m  [1m[36mbegin transaction[0m
  [1m[35mSQL (10.5ms)[0m  [1m[32mINSERT INTO "posts" ("blog_id", "user_id", "title", "content", "created_at", "updated_at") VALUES (?, ?, ?, ?, ?, ?)[0m  [["blog_id", 5], ["user_id", 2], ["title", "Post No 5"], ["content", "This is the content for Post 5"], ["created_at", "2019-03-12 16:48:38.190620"], ["updated_at", "2019-03-12 16:48:38.190620"]]
  [1m[35m (6.8ms)[0m  [1m[36mcommit transaction[0m
  [1m[36mBlog Load (4.1ms)[0m  [1m[34mSELECT  "blogs".* FROM "blogs" ORDER BY "blogs"."id" DESC LIMIT ?[0m  [["LIMIT", 1]]
  [1m[36mUser Load (4.0ms)[0m  [1m[34mSELECT  "users".* FROM "users" ORDER BY "users"."id" ASC LIMIT ? OFFSET ?[0m  [["LIMIT", 1], ["OFFSET", 2]]
  [1m[35m (0.2ms)[0m  [1m[36mbegin transaction[0m
  [1m[35mSQL (11.1ms)[0m  [1m[32mINSERT INTO "posts" ("blog_id", "user_id", "title", "content", "created_at", "updated_at") VALUES (?, ?, ?, ?, ?, ?)[0m  [["blog_id", 5], ["user_id", 3], ["title", "Post No 1"], ["content", "This is the content for Post 1"], ["created_at", "2019-03-12 16:49:18.853941"], ["updated_at", "2019-03-12 16:49:18.853941"]]
  [1m[35m (7.8ms)[0m  [1m[36mcommit transaction[0m
  [1m[36mBlog Load (5.0ms)[0m  [1m[34mSELECT  "blogs".* FROM "blogs" ORDER BY "blogs"."id" ASC LIMIT ? OFFSET ?[0m  [["LIMIT", 1], ["OFFSET", 3]]
  [1m[36mUser Load (4.6ms)[0m  [1m[34mSELECT  "users".* FROM "users" ORDER BY "users"."id" ASC LIMIT ? OFFSET ?[0m  [["LIMIT", 1], ["OFFSET", 2]]
  [1m[35m (0.2ms)[0m  [1m[36mbegin transaction[0m
  [1m[35mSQL (10.9ms)[0m  [1m[32mINSERT INTO "posts" ("blog_id", "user_id", "title", "content", "created_at", "updated_at") VALUES (?, ?, ?, ?, ?, ?)[0m  [["blog_id", 4], ["user_id", 3], ["title", "Post No 1"], ["content", "This is the content for Post 1"], ["created_at", "2019-03-12 16:49:28.030431"], ["updated_at", "2019-03-12 16:49:28.030431"]]
  [1m[35m (8.8ms)[0m  [1m[36mcommit transaction[0m
  [1m[36mBlog Load (4.0ms)[0m  [1m[34mSELECT  "blogs".* FROM "blogs" ORDER BY "blogs"."id" ASC LIMIT ? OFFSET ?[0m  [["LIMIT", 1], ["OFFSET", 2]]
  [1m[36mUser Load (4.1ms)[0m  [1m[34mSELECT  "users".* FROM "users" ORDER BY "users"."id" ASC LIMIT ? OFFSET ?[0m  [["LIMIT", 1], ["OFFSET", 2]]
  [1m[35m (0.1ms)[0m  [1m[36mbegin transaction[0m
  [1m[35mSQL (11.3ms)[0m  [1m[32mINSERT INTO "posts" ("blog_id", "user_id", "title", "content", "created_at", "updated_at") VALUES (?, ?, ?, ?, ?, ?)[0m  [["blog_id", 3], ["user_id", 3], ["title", "Post No 1"], ["content", "This is the content for Post 1"], ["created_at", "2019-03-12 16:49:36.112440"], ["updated_at", "2019-03-12 16:49:36.112440"]]
  [1m[35m (6.5ms)[0m  [1m[36mcommit transaction[0m
  [1m[36mBlog Load (3.9ms)[0m  [1m[34mSELECT  "blogs".* FROM "blogs" ORDER BY "blogs"."id" ASC LIMIT ? OFFSET ?[0m  [["LIMIT", 1], ["OFFSET", 1]]
  [1m[36mUser Load (3.9ms)[0m  [1m[34mSELECT  "users".* FROM "users" ORDER BY "users"."id" ASC LIMIT ? OFFSET ?[0m  [["LIMIT", 1], ["OFFSET", 2]]
  [1m[35m (0.1ms)[0m  [1m[36mbegin transaction[0m
  [1m[35mSQL (11.2ms)[0m  [1m[32mINSERT INTO "posts" ("blog_id", "user_id", "title", "content", "created_at", "updated_at") VALUES (?, ?, ?, ?, ?, ?)[0m  [["blog_id", 2], ["user_id", 3], ["title", "Post No 1"], ["content", "This is the content for Post 1"], ["created_at", "2019-03-12 16:49:43.988318"], ["updated_at", "2019-03-12 16:49:43.988318"]]
  [1m[35m (7.4ms)[0m  [1m[36mcommit transaction[0m
  [1m[36mBlog Load (4.2ms)[0m  [1m[34mSELECT  "blogs".* FROM "blogs" ORDER BY "blogs"."id" ASC LIMIT ?[0m  [["LIMIT", 1]]
  [1m[36mUser Load (8.9ms)[0m  [1m[34mSELECT  "users".* FROM "users" ORDER BY "users"."id" ASC LIMIT ? OFFSET ?[0m  [["LIMIT", 1], ["OFFSET", 2]]
  [1m[35m (0.2ms)[0m  [1m[36mbegin transaction[0m
  [1m[35mSQL (9.8ms)[0m  [1m[32mINSERT INTO "posts" ("blog_id", "user_id", "title", "content", "created_at", "updated_at") VALUES (?, ?, ?, ?, ?, ?)[0m  [["blog_id", 1], ["user_id", 3], ["title", "Post No 1"], ["content", "This is the content for Post 1"], ["created_at", "2019-03-12 16:49:52.299804"], ["updated_at", "2019-03-12 16:49:52.299804"]]
  [1m[35m (6.7ms)[0m  [1m[36mcommit transaction[0m
  [1m[36mPost Load (4.6ms)[0m  [1m[34mSELECT  "posts".* FROM "posts" ORDER BY "posts"."id" ASC LIMIT ?[0m  [["LIMIT", 1]]
  [1m[36mUser Load (4.3ms)[0m  [1m[34mSELECT  "users".* FROM "users" ORDER BY "users"."id" ASC LIMIT ? OFFSET ?[0m  [["LIMIT", 1], ["OFFSET", 2]]
  [1m[36mUser Load (4.3ms)[0m  [1m[34mSELECT  "users".* FROM "users" ORDER BY "users"."id" ASC LIMIT ? OFFSET ?[0m  [["LIMIT", 1], ["OFFSET", 2]]
  [1m[35m (0.1ms)[0m  [1m[36mbegin transaction[0m
  [1m[35mSQL (11.8ms)[0m  [1m[32mINSERT INTO "messages" ("post_id", "user_id", "author", "message", "created_at", "updated_at") VALUES (?, ?, ?, ?, ?, ?)[0m  [["post_id", 1], ["user_id", 3], ["author", "Jane"], ["message", "This is a message from the third user..."], ["created_at", "2019-03-12 16:51:22.217679"], ["updated_at", "2019-03-12 16:51:22.217679"]]
  [1m[35m (7.1ms)[0m  [1m[36mcommit transaction[0m
  [1m[36mPost Load (4.2ms)[0m  [1m[34mSELECT  "posts".* FROM "posts" ORDER BY "posts"."id" ASC LIMIT ?[0m  [["LIMIT", 1]]
  [1m[36mUser Load (4.0ms)[0m  [1m[34mSELECT  "users".* FROM "users" ORDER BY "users"."id" ASC LIMIT ? OFFSET ?[0m  [["LIMIT", 1], ["OFFSET", 2]]
  [1m[36mUser Load (4.1ms)[0m  [1m[34mSELECT  "users".* FROM "users" ORDER BY "users"."id" ASC LIMIT ? OFFSET ?[0m  [["LIMIT", 1], ["OFFSET", 2]]
  [1m[35m (0.2ms)[0m  [1m[36mbegin transaction[0m
  [1m[35mSQL (9.6ms)[0m  [1m[32mINSERT INTO "messages" ("post_id", "user_id", "author", "message", "created_at", "updated_at") VALUES (?, ?, ?, ?, ?, ?)[0m  [["post_id", 1], ["user_id", 3], ["author", "Jane"], ["message", "This is another message from the third user..."], ["created_at", "2019-03-12 16:51:34.293519"], ["updated_at", "2019-03-12 16:51:34.293519"]]
  [1m[35m (7.9ms)[0m  [1m[36mcommit transaction[0m
  [1m[36mPost Load (4.4ms)[0m  [1m[34mSELECT  "posts".* FROM "posts" ORDER BY "posts"."id" ASC LIMIT ? OFFSET ?[0m  [["LIMIT", 1], ["OFFSET", 1]]
  [1m[36mUser Load (4.2ms)[0m  [1m[34mSELECT  "users".* FROM "users" ORDER BY "users"."id" ASC LIMIT ? OFFSET ?[0m  [["LIMIT", 1], ["OFFSET", 2]]
  [1m[36mUser Load (4.2ms)[0m  [1m[34mSELECT  "users".* FROM "users" ORDER BY "users"."id" ASC LIMIT ? OFFSET ?[0m  [["LIMIT", 1], ["OFFSET", 2]]
  [1m[35m (0.1ms)[0m  [1m[36mbegin transaction[0m
  [1m[35mSQL (12.0ms)[0m  [1m[32mINSERT INTO "messages" ("post_id", "user_id", "author", "message", "created_at", "updated_at") VALUES (?, ?, ?, ?, ?, ?)[0m  [["post_id", 2], ["user_id", 3], ["author", "Jane"], ["message", "This is a message from the third user..."], ["created_at", "2019-03-12 16:52:03.286133"], ["updated_at", "2019-03-12 16:52:03.286133"]]
  [1m[35m (8.1ms)[0m  [1m[36mcommit transaction[0m
  [1m[36mPost Load (4.0ms)[0m  [1m[34mSELECT  "posts".* FROM "posts" ORDER BY "posts"."id" ASC LIMIT ? OFFSET ?[0m  [["LIMIT", 1], ["OFFSET", 1]]
  [1m[36mUser Load (4.2ms)[0m  [1m[34mSELECT  "users".* FROM "users" ORDER BY "users"."id" ASC LIMIT ? OFFSET ?[0m  [["LIMIT", 1], ["OFFSET", 2]]
  [1m[36mUser Load (4.1ms)[0m  [1m[34mSELECT  "users".* FROM "users" ORDER BY "users"."id" ASC LIMIT ? OFFSET ?[0m  [["LIMIT", 1], ["OFFSET", 2]]
  [1m[35m (0.2ms)[0m  [1m[36mbegin transaction[0m
  [1m[35mSQL (12.1ms)[0m  [1m[32mINSERT INTO "messages" ("post_id", "user_id", "author", "message", "created_at", "updated_at") VALUES (?, ?, ?, ?, ?, ?)[0m  [["post_id", 2], ["user_id", 3], ["author", "Jane"], ["message", "This is another message from the third user..."], ["created_at", "2019-03-12 16:52:08.397817"], ["updated_at", "2019-03-12 16:52:08.397817"]]
  [1m[35m (8.5ms)[0m  [1m[36mcommit transaction[0m
  [1m[36mPost Load (4.4ms)[0m  [1m[34mSELECT  "posts".* FROM "posts" ORDER BY "posts"."id" ASC LIMIT ? OFFSET ?[0m  [["LIMIT", 1], ["OFFSET", 1]]
  [1m[36mUser Load (4.3ms)[0m  [1m[34mSELECT  "users".* FROM "users" ORDER BY "users"."id" ASC LIMIT ? OFFSET ?[0m  [["LIMIT", 1], ["OFFSET", 2]]
  [1m[36mUser Load (4.7ms)[0m  [1m[34mSELECT  "users".* FROM "users" ORDER BY "users"."id" ASC LIMIT ? OFFSET ?[0m  [["LIMIT", 1], ["OFFSET", 2]]
  [1m[35m (0.2ms)[0m  [1m[36mbegin transaction[0m
  [1m[35mSQL (10.4ms)[0m  [1m[32mINSERT INTO "messages" ("post_id", "user_id", "author", "message", "created_at", "updated_at") VALUES (?, ?, ?, ?, ?, ?)[0m  [["post_id", 2], ["user_id", 3], ["author", "Jane"], ["message", "This is yetanother message from the third user..."], ["created_at", "2019-03-12 16:52:14.017888"], ["updated_at", "2019-03-12 16:52:14.017888"]]
  [1m[35m (7.1ms)[0m  [1m[36mcommit transaction[0m
  [1m[36mPost Load (4.9ms)[0m  [1m[34mSELECT  "posts".* FROM "posts" ORDER BY "posts"."id" DESC LIMIT ?[0m  [["LIMIT", 1]]
  [1m[36mUser Load (4.0ms)[0m  [1m[34mSELECT  "users".* FROM "users" ORDER BY "users"."id" ASC LIMIT ? OFFSET ?[0m  [["LIMIT", 1], ["OFFSET", 3]]
  [1m[36mUser Load (3.6ms)[0m  [1m[34mSELECT  "users".* FROM "users" ORDER BY "users"."id" ASC LIMIT ? OFFSET ?[0m  [["LIMIT", 1], ["OFFSET", 3]]
  [1m[35m (0.1ms)[0m  [1m[36mbegin transaction[0m
  [1m[35mSQL (10.8ms)[0m  [1m[32mINSERT INTO "messages" ("post_id", "user_id", "author", "message", "created_at", "updated_at") VALUES (?, ?, ?, ?, ?, ?)[0m  [["post_id", 13], ["user_id", 4], ["author", "Clark"], ["message", "This is a message from the fourth user..."], ["created_at", "2019-03-12 16:52:54.258799"], ["updated_at", "2019-03-12 16:52:54.258799"]]
  [1m[35m (7.3ms)[0m  [1m[36mcommit transaction[0m
  [1m[36mPost Load (4.4ms)[0m  [1m[34mSELECT  "posts".* FROM "posts" ORDER BY "posts"."id" DESC LIMIT ?[0m  [["LIMIT", 1]]
  [1m[36mUser Load (3.8ms)[0m  [1m[34mSELECT  "users".* FROM "users" ORDER BY "users"."id" ASC LIMIT ? OFFSET ?[0m  [["LIMIT", 1], ["OFFSET", 3]]
  [1m[36mUser Load (3.8ms)[0m  [1m[34mSELECT  "users".* FROM "users" ORDER BY "users"."id" ASC LIMIT ? OFFSET ?[0m  [["LIMIT", 1], ["OFFSET", 3]]
  [1m[35m (0.2ms)[0m  [1m[36mbegin transaction[0m
  [1m[35mSQL (54.9ms)[0m  [1m[32mINSERT INTO "messages" ("post_id", "user_id", "author", "message", "created_at", "updated_at") VALUES (?, ?, ?, ?, ?, ?)[0m  [["post_id", 13], ["user_id", 4], ["author", "Clark"], ["message", "This is another message from the fourth user..."], ["created_at", "2019-03-12 16:53:00.435140"], ["updated_at", "2019-03-12 16:53:00.435140"]]
  [1m[35m (22.5ms)[0m  [1m[36mcommit transaction[0m
  [1m[36mPost Load (4.2ms)[0m  [1m[34mSELECT  "posts".* FROM "posts" ORDER BY "posts"."id" DESC LIMIT ?[0m  [["LIMIT", 1]]
  [1m[36mUser Load (3.5ms)[0m  [1m[34mSELECT  "users".* FROM "users" ORDER BY "users"."id" ASC LIMIT ? OFFSET ?[0m  [["LIMIT", 1], ["OFFSET", 3]]
  [1m[36mUser Load (3.7ms)[0m  [1m[34mSELECT  "users".* FROM "users" ORDER BY "users"."id" ASC LIMIT ? OFFSET ?[0m  [["LIMIT", 1], ["OFFSET", 3]]
  [1m[35m (0.1ms)[0m  [1m[36mbegin transaction[0m
  [1m[35mSQL (56.4ms)[0m  [1m[32mINSERT INTO "messages" ("post_id", "user_id", "author", "message", "created_at", "updated_at") VALUES (?, ?, ?, ?, ?, ?)[0m  [["post_id", 13], ["user_id", 4], ["author", "Clark"], ["message", "This is yet another message from the fourth user..."], ["created_at", "2019-03-12 16:53:07.713089"], ["updated_at", "2019-03-12 16:53:07.713089"]]
  [1m[35m (7.2ms)[0m  [1m[36mcommit transaction[0m
  [1m[36mOwner Load (4.5ms)[0m  [1m[34mSELECT "owners".* FROM "owners"[0m
  [1m[36mOwner Load (4.0ms)[0m  [1m[34mSELECT "owners".* FROM "owners"[0m
  [1m[36mOwner Load (26.6ms)[0m  [1m[34mSELECT "owners".* FROM "owners"[0m
  [1m[36mPost Load (5.3ms)[0m  [1m[34mSELECT "posts".* FROM "posts"[0m
  [1m[36mPost Load (4.5ms)[0m  [1m[34mSELECT "posts".* FROM "posts"[0m
  [1m[36mPost Load (4.3ms)[0m  [1m[34mSELECT  "posts".* FROM "posts" ORDER BY "posts"."id" ASC LIMIT ? OFFSET ?[0m  [["LIMIT", 1], ["OFFSET", 1]]
  [1m[36mOwner Load (3.4ms)[0m  [1m[34mSELECT  "owners".* FROM "owners" WHERE "owners"."id" = ? LIMIT ?[0m  [["id", 1], ["LIMIT", 1]]
  [1m[36mUser Load (4.7ms)[0m  [1m[34mSELECT  "users".* FROM "users" ORDER BY "users"."id" ASC LIMIT ?[0m  [["LIMIT", 1]]
  [1m[36mOwner Load (3.3ms)[0m  [1m[34mSELECT "owners".* FROM "owners" WHERE "owners"."user_id" = 1[0m
  [1m[36mUser Load (4.5ms)[0m  [1m[34mSELECT  "users".* FROM "users" ORDER BY "users"."id" ASC LIMIT ?[0m  [["LIMIT", 1]]
  [1m[36mBlog Load (7.5ms)[0m  [1m[34mSELECT  "blogs".* FROM "blogs" ORDER BY "blogs"."id" ASC LIMIT ? OFFSET ?[0m  [["LIMIT", 1], ["OFFSET", 1]]
  [1m[36mOwner Load (3.3ms)[0m  [1m[34mSELECT "owners".* FROM "owners" WHERE "owners"."user_id" = 1 AND "owners"."blog_id" = 2[0m
  [1m[36mUser Load (4.5ms)[0m  [1m[34mSELECT  "users".* FROM "users" ORDER BY "users"."id" DESC LIMIT ?[0m  [["LIMIT", 1]]
  [1m[35m (0.2ms)[0m  [1m[36mbegin transaction[0m
  [1m[36mBlog Load (3.2ms)[0m  [1m[34mSELECT  "blogs".* FROM "blogs" WHERE "blogs"."id" = ? LIMIT ?[0m  [["id", 2], ["LIMIT", 1]]
  [1m[35mSQL (6.3ms)[0m  [1m[33mUPDATE "owners" SET "user_id" = ?, "updated_at" = ? WHERE "owners"."id" = ?[0m  [["user_id", 5], ["updated_at", "2019-03-12 17:11:08.966307"], ["id", 2]]
  [1m[35m (6.4ms)[0m  [1m[36mcommit transaction[0m
  [1m[36mPost Load (4.2ms)[0m  [1m[34mSELECT  "posts".* FROM "posts" ORDER BY "posts"."id" ASC LIMIT ? OFFSET ?[0m  [["LIMIT", 1], ["OFFSET", 1]]
  [1m[35m (0.2ms)[0m  [1m[36mbegin transaction[0m
  [1m[36mBlog Load (3.9ms)[0m  [1m[34mSELECT  "blogs".* FROM "blogs" WHERE "blogs"."id" = ? LIMIT ?[0m  [["id", 2], ["LIMIT", 1]]
  [1m[36mUser Load (0.3ms)[0m  [1m[34mSELECT  "users".* FROM "users" WHERE "users"."id" = ? LIMIT ?[0m  [["id", 1], ["LIMIT", 1]]
  [1m[35mSQL (5.7ms)[0m  [1m[33mUPDATE "posts" SET "content" = ?, "updated_at" = ? WHERE "posts"."id" = ?[0m  [["content", "CHANGED: This is the content of post 2"], ["updated_at", "2019-03-12 17:12:36.488248"], ["id", 2]]
  [1m[35m (7.2ms)[0m  [1m[36mcommit transaction[0m
  [1m[36mPost Load (4.7ms)[0m  [1m[34mSELECT  "posts".* FROM "posts" ORDER BY "posts"."id" ASC LIMIT ? OFFSET ?[0m  [["LIMIT", 1], ["OFFSET", 1]]
  [1m[36mUser Load (4.1ms)[0m  [1m[34mSELECT  "users".* FROM "users" WHERE "users"."id" = ? LIMIT ?[0m  [["id", 3], ["LIMIT", 1]]
  [1m[36mBlog Load (3.8ms)[0m  [1m[34mSELECT "blogs".* FROM "blogs" INNER JOIN "owners" ON "blogs"."id" = "owners"."blog_id" WHERE "owners"."user_id" = ?[0m  [["user_id", 3]]
  [1m[36mUser Load (4.1ms)[0m  [1m[34mSELECT  "users".* FROM "users" ORDER BY "users"."id" ASC LIMIT ? OFFSET ?[0m  [["LIMIT", 1], ["OFFSET", 2]]
DEPRECATION WARNING: You are passing an instance of ActiveRecord::Base to `find`. Please pass the id of the object by calling `.id`. (called from irb_binding at (irb):15)
  [1m[36mUser Load (3.4ms)[0m  [1m[34mSELECT  "users".* FROM "users" WHERE "users"."id" = ? LIMIT ?[0m  [["id", 3], ["LIMIT", 1]]
  [1m[36mPost Load (4.0ms)[0m  [1m[34mSELECT "posts".* FROM "posts" WHERE "posts"."user_id" = ?[0m  [["user_id", 3]]
  [1m[36mUser Load (4.2ms)[0m  [1m[34mSELECT  "users".* FROM "users" ORDER BY "users"."id" ASC LIMIT ? OFFSET ?[0m  [["LIMIT", 1], ["OFFSET", 2]]
DEPRECATION WARNING: You are passing an instance of ActiveRecord::Base to `find`. Please pass the id of the object by calling `.id`. (called from irb_binding at (irb):16)
  [1m[36mUser Load (3.7ms)[0m  [1m[34mSELECT  "users".* FROM "users" WHERE "users"."id" = ? LIMIT ?[0m  [["id", 3], ["LIMIT", 1]]
  [1m[36mMessage Load (4.5ms)[0m  [1m[34mSELECT "messages".* FROM "messages" WHERE "messages"."user_id" = ?[0m  [["user_id", 3]]
  [1m[36mBlog Load (4.4ms)[0m  [1m[34mSELECT  "blogs".* FROM "blogs" WHERE "blogs"."id" = ? LIMIT ?[0m  [["id", 5], ["LIMIT", 1]]
  [1m[36mPost Load (5.8ms)[0m  [1m[34mSELECT "posts".* FROM "posts" WHERE "posts"."blog_id" = ?[0m  [["blog_id", 5]]
  [1m[36mBlog Load (4.2ms)[0m  [1m[34mSELECT  "blogs".* FROM "blogs" WHERE "blogs"."id" = ? LIMIT ?[0m  [["id", 5], ["LIMIT", 1]]
  [1m[36mPost Load (4.1ms)[0m  [1m[34mSELECT "posts".* FROM "posts" WHERE "posts"."blog_id" = ?[0m  [["blog_id", 5]]
  [1m[36mBlog Load (4.1ms)[0m  [1m[34mSELECT  "blogs".* FROM "blogs" WHERE "blogs"."id" = ? LIMIT ?[0m  [["id", 5], ["LIMIT", 1]]
  [1m[36mUser Load (4.3ms)[0m  [1m[34mSELECT "users".* FROM "users" INNER JOIN "owners" ON "users"."id" = "owners"."user_id" WHERE "owners"."blog_id" = ?[0m  [["blog_id", 5]]
  [1m[36mBlog Load (4.6ms)[0m  [1m[34mSELECT  "blogs".* FROM "blogs" ORDER BY "blogs"."id" ASC LIMIT ?[0m  [["LIMIT", 1]]
  [1m[36mOwner Load (4.3ms)[0m  [1m[34mSELECT "owners".* FROM "owners" WHERE "owners"."blog_id" = ?[0m  [["blog_id", 1]]
  [1m[36mBlog Load (4.2ms)[0m  [1m[34mSELECT  "blogs".* FROM "blogs" ORDER BY "blogs"."id" ASC LIMIT ?[0m  [["LIMIT", 1]]
  [1m[36mOwner Load (4.3ms)[0m  [1m[34mSELECT "owners".* FROM "owners" WHERE "owners"."blog_id" = ?[0m  [["blog_id", 1]]
  [1m[36mBlog Load (4.3ms)[0m  [1m[34mSELECT  "blogs".* FROM "blogs" ORDER BY "blogs"."id" ASC LIMIT ?[0m  [["LIMIT", 1]]
  [1m[36mOwner Load (4.1ms)[0m  [1m[34mSELECT "owners".* FROM "owners" WHERE "owners"."blog_id" = ?[0m  [["blog_id", 1]]
  [1m[36mBlog Load (4.2ms)[0m  [1m[34mSELECT  "blogs".* FROM "blogs" WHERE "blogs"."id" = ? LIMIT ?[0m  [["id", 5], ["LIMIT", 1]]
  [1m[36mUser Load (4.3ms)[0m  [1m[34mSELECT "users".* FROM "users" INNER JOIN "owners" ON "users"."id" = "owners"."user_id" WHERE "owners"."blog_id" = ?[0m  [["blog_id", 5]]
  [1m[36mBlog Load (4.2ms)[0m  [1m[34mSELECT  "blogs".* FROM "blogs" WHERE "blogs"."id" = ? LIMIT ?[0m  [["id", 5], ["LIMIT", 1]]
  [1m[36mPost Load (4.4ms)[0m  [1m[34mSELECT "posts".* FROM "posts" WHERE "posts"."blog_id" = ?[0m  [["blog_id", 5]]
  [1m[36mBlog Load (4.1ms)[0m  [1m[34mSELECT  "blogs".* FROM "blogs" WHERE "blogs"."id" = ? LIMIT ?[0m  [["id", 5], ["LIMIT", 1]]
  [1m[36mPost Load (4.4ms)[0m  [1m[34mSELECT "posts".* FROM "posts" WHERE "posts"."blog_id" = ?[0m  [["blog_id", 5]]
  [1m[36mBlog Load (4.5ms)[0m  [1m[34mSELECT  "blogs".* FROM "blogs" ORDER BY "blogs"."id" ASC LIMIT ? OFFSET ?[0m  [["LIMIT", 1], ["OFFSET", 4]]
  [1m[36mBlog Load (4.0ms)[0m  [1m[34mSELECT  "blogs".* FROM "blogs" ORDER BY "blogs"."id" ASC LIMIT ? OFFSET ?[0m  [["LIMIT", 1], ["OFFSET", 4]]
  [1m[36mBlog Load (4.4ms)[0m  [1m[34mSELECT  "blogs".* FROM "blogs" ORDER BY "blogs"."id" DESC LIMIT ?[0m  [["LIMIT", 1]]
  [1m[36mBlog Load (4.2ms)[0m  [1m[34mSELECT "blogs".* FROM "blogs"[0m
  [1m[36mBlog Load (4.5ms)[0m  [1m[34mSELECT "blogs".* FROM "blogs"[0m
  [1m[36mPost Load (4.2ms)[0m  [1m[34mSELECT "posts".* FROM "posts" INNER JOIN "users" ON "users"."id" = "posts"."user_id"[0m
  [1m[36mPost Load (4.6ms)[0m  [1m[34mSELECT "posts".* FROM "posts" INNER JOIN "users" ON "users"."id" = "posts"."user_id"[0m
  [1m[36mBlog Load (3.8ms)[0m  [1m[34mSELECT  "blogs".* FROM "blogs" ORDER BY "blogs"."id" ASC LIMIT ? OFFSET ?[0m  [["LIMIT", 1], ["OFFSET", 4]]
  [1m[36mPost Load (5.3ms)[0m  [1m[34mSELECT "posts".* FROM "posts" INNER JOIN "users" ON "users"."id" = "posts"."user_id" WHERE "posts"."blog_id" = 5[0m
  [1m[36mBlog Load (4.4ms)[0m  [1m[34mSELECT  "blogs".* FROM "blogs" ORDER BY "blogs"."id" ASC LIMIT ? OFFSET ?[0m  [["LIMIT", 1], ["OFFSET", 4]]
  [1m[36mPost Load (4.6ms)[0m  [1m[34mSELECT users.* FROM "posts" INNER JOIN "users" ON "users"."id" = "posts"."user_id" WHERE "posts"."blog_id" = 5[0m
  [1m[36mBlog Load (3.9ms)[0m  [1m[34mSELECT  "blogs".* FROM "blogs" ORDER BY "blogs"."id" ASC LIMIT ? OFFSET ?[0m  [["LIMIT", 1], ["OFFSET", 4]]
  [1m[36mPost Load (4.5ms)[0m  [1m[34mSELECT users.first_name, posts.title FROM "posts" INNER JOIN "users" ON "users"."id" = "posts"."user_id" WHERE "posts"."blog_id" = 5[0m
  [1m[36mPost Load (4.0ms)[0m  [1m[34mSELECT users.first_name, posts.title FROM "posts" INNER JOIN "users" ON "users"."id" = "posts"."user_id" WHERE (posts.blog_id = 5)[0m
  [1m[36mPost Load (4.2ms)[0m  [1m[34mSELECT "posts".* FROM "posts" INNER JOIN "users" ON "users"."id" = "posts"."user_id"[0m
  [1m[36mBlog Load (3.7ms)[0m  [1m[34mSELECT  "blogs".* FROM "blogs" ORDER BY "blogs"."id" ASC LIMIT ? OFFSET ?[0m  [["LIMIT", 1], ["OFFSET", 4]]
  [1m[36mMessage Load (4.2ms)[0m  [1m[34mSELECT users.*, messages.* FROM "messages" INNER JOIN "users" ON "users"."id" = "messages"."user_id" WHERE "messages"."blog" = 5[0m
  [1m[36mBlog Load (3.9ms)[0m  [1m[34mSELECT  "blogs".* FROM "blogs" ORDER BY "blogs"."id" ASC LIMIT ? OFFSET ?[0m  [["LIMIT", 1], ["OFFSET", 4]]
  [1m[36mMessage Load (4.6ms)[0m  [1m[34mSELECT users.* FROM "messages" INNER JOIN "users" ON "users"."id" = "messages"."user_id" WHERE "messages"."blog" = 5[0m
  [1m[36mBlog Load (4.3ms)[0m  [1m[34mSELECT  "blogs".* FROM "blogs" ORDER BY "blogs"."id" ASC LIMIT ? OFFSET ?[0m  [["LIMIT", 1], ["OFFSET", 4]]
  [1m[36mMessage Load (12.1ms)[0m  [1m[34mSELECT "messages".* FROM "messages" INNER JOIN "users" ON "users"."id" = "messages"."user_id" WHERE "messages"."blog" = 5[0m
  [1m[36mMessage Load (4.9ms)[0m  [1m[34mSELECT "messages".* FROM "messages" INNER JOIN "users" ON "users"."id" = "messages"."user_id"[0m
  [1m[36mBlog Load (4.3ms)[0m  [1m[34mSELECT  "blogs".* FROM "blogs" ORDER BY "blogs"."id" ASC LIMIT ? OFFSET ?[0m  [["LIMIT", 1], ["OFFSET", 4]]
  [1m[36mBlog Load (3.3ms)[0m  [1m[34mSELECT  "blogs".* FROM "blogs" ORDER BY "blogs"."id" ASC LIMIT ? OFFSET ?[0m  [["LIMIT", 1], ["OFFSET", 4]]
  [1m[36mMessage Load (4.0ms)[0m  [1m[34mSELECT "messages".* FROM "messages" INNER JOIN "users" ON "users"."id" = "messages"."user_id"[0m
  [1m[36mBlog Load (4.2ms)[0m  [1m[34mSELECT  "blogs".* FROM "blogs" ORDER BY "blogs"."id" ASC LIMIT ? OFFSET ?[0m  [["LIMIT", 1], ["OFFSET", 4]]
  [1m[36mMessage Load (5.8ms)[0m  [1m[34mSELECT "messages".* FROM "messages" INNER JOIN "users" ON "users"."id" = "messages"."user_id" WHERE "messages"."blog" = 5[0m
  [1m[36mMessage Load (4.3ms)[0m  [1m[34mSELECT "messages".* FROM "messages"[0m
  [1m[36mPost Load (5.0ms)[0m  [1m[34mSELECT "posts".* FROM "posts" INNER JOIN "messages" ON "messages"."post_id" = "posts"."id"[0m
  [1m[36mPost Load (4.6ms)[0m  [1m[34mSELECT "posts".* FROM "posts" INNER JOIN "messages" ON "messages"."post_id" = "posts"."id" INNER JOIN "users" ON "users"."id" = "posts"."user_id"[0m
  [1m[36mBlog Load (4.2ms)[0m  [1m[34mSELECT  "blogs".* FROM "blogs" ORDER BY "blogs"."id" ASC LIMIT ? OFFSET ?[0m  [["LIMIT", 1], ["OFFSET", 4]]
  [1m[36mPost Load (4.6ms)[0m  [1m[34mSELECT "posts".* FROM "posts"[0m
  [1m[36mPost Load (4.5ms)[0m  [1m[34mSELECT "posts".* FROM "posts" WHERE "posts"."blog_id" = ?[0m  [["blog_id", 5]]
  [1m[36mPost Load (4.8ms)[0m  [1m[34mSELECT "posts".* FROM "posts" INNER JOIN "messages" ON "messages"."post_id" = "posts"."id" WHERE "posts"."blog_id" = ?[0m  [["blog_id", 5]]
  [1m[36mMessage Load (4.2ms)[0m  [1m[34mSELECT "messages".* FROM "messages"[0m
  [1m[36mPost Load (4.5ms)[0m  [1m[34mSELECT "posts".* FROM "posts" INNER JOIN "messages" ON "messages"."post_id" = "posts"."id" WHERE "posts"."blog_id" = ?[0m  [["blog_id", 1]]
  [1m[36mPost Load (3.7ms)[0m  [1m[34mSELECT "posts".* FROM "posts" INNER JOIN "messages" ON "messages"."post_id" = "posts"."id" INNER JOIN "users" ON "users"."id" = "posts"."user_id" WHERE "posts"."blog_id" = ?[0m  [["blog_id", 1]]
  [1m[36mPost Load (3.9ms)[0m  [1m[34mSELECT users.first_name, posts.title FROM "posts" INNER JOIN "messages" ON "messages"."post_id" = "posts"."id" INNER JOIN "users" ON "users"."id" = "posts"."user_id" WHERE "posts"."blog_id" = ?[0m  [["blog_id", 1]]
  [1m[36mBlog Load (3.8ms)[0m  [1m[34mSELECT  "blogs".* FROM "blogs" ORDER BY "blogs"."id" ASC LIMIT ?[0m  [["LIMIT", 1]]
  [1m[36mOwner Load (3.4ms)[0m  [1m[34mSELECT "owners".* FROM "owners" WHERE "owners"."blog_id" = ?[0m  [["blog_id", 1]]
  [1m[36mBlog Load (4.4ms)[0m  [1m[34mSELECT  "blogs".* FROM "blogs" ORDER BY "blogs"."id" ASC LIMIT ?[0m  [["LIMIT", 1]]
  [1m[36mOwner Load (3.6ms)[0m  [1m[34mSELECT "owners".* FROM "owners" INNER JOIN "users" ON "users"."id" = "owners"."user_id" WHERE "owners"."blog_id" = ?[0m  [["blog_id", 1]]
  [1m[36mBlog Load (4.2ms)[0m  [1m[34mSELECT  "blogs".* FROM "blogs" ORDER BY "blogs"."id" ASC LIMIT ?[0m  [["LIMIT", 1]]
  [1m[36mOwner Load (4.0ms)[0m  [1m[34mSELECT users.first_name, users.last_name, users.email_address FROM "owners" INNER JOIN "users" ON "users"."id" = "owners"."user_id" WHERE "owners"."blog_id" = ?[0m  [["blog_id", 1]]
  [1m[36mBlog Load (4.3ms)[0m  [1m[34mSELECT  "blogs".* FROM "blogs" ORDER BY "blogs"."id" ASC LIMIT ?[0m  [["LIMIT", 1]]
  [1m[36mOwner Load (3.9ms)[0m  [1m[34mSELECT "owners".* FROM "owners"[0m
  [1m[36mBlog Load (4.3ms)[0m  [1m[34mSELECT  "blogs".* FROM "blogs" ORDER BY "blogs"."id" ASC LIMIT ?[0m  [["LIMIT", 1]]
  [1m[36mOwner Load (3.9ms)[0m  [1m[34mSELECT "owners".* FROM "owners" WHERE "owners"."blog_id" = 1[0m
  [1m[36mBlog Load (3.6ms)[0m  [1m[34mSELECT  "blogs".* FROM "blogs" ORDER BY "blogs"."id" ASC LIMIT ?[0m  [["LIMIT", 1]]
  [1m[36mUser Load (8.3ms)[0m  [1m[34mSELECT  "users".* FROM "users" ORDER BY "users"."id" ASC LIMIT ?[0m  [["LIMIT", 1]]
  [1m[36mOwner Load (4.1ms)[0m  [1m[34mSELECT "owners".* FROM "owners" WHERE "owners"."blog_id" = 1 AND "owners"."user_id" = 1[0m
  [1m[35m (0.1ms)[0m  [1m[36mbegin transaction[0m
  [1m[35m (0.1ms)[0m  [1m[31mrollback transaction[0m
  [1m[35m (0.2ms)[0m  [1m[36mbegin transaction[0m
  [1m[36mUser Load (3.9ms)[0m  [1m[34mSELECT  "users".* FROM "users" WHERE "users"."id" = ? LIMIT ?[0m  [["id", 2], ["LIMIT", 1]]
  [1m[36mBlog Load (0.3ms)[0m  [1m[34mSELECT  "blogs".* FROM "blogs" WHERE "blogs"."id" = ? LIMIT ?[0m  [["id", 1], ["LIMIT", 1]]
  [1m[35mSQL (8.0ms)[0m  [1m[33mUPDATE "owners" SET "user_id" = ?, "updated_at" = ? WHERE "owners"."id" = ?[0m  [["user_id", 2], ["updated_at", "2019-03-12 18:53:12.614661"], ["id", 1]]
  [1m[35m (8.0ms)[0m  [1m[36mcommit transaction[0m
  [1m[36mOwner Load (4.0ms)[0m  [1m[34mSELECT "owners".* FROM "owners"[0m
  [1m[36mActiveRecord::SchemaMigration Load (3.4ms)[0m  [1m[34mSELECT "schema_migrations".* FROM "schema_migrations"[0m
Migrating to CreateComments (20190312195252)
  [1m[35m (0.1ms)[0m  [1m[36mbegin transaction[0m
  [1m[35m (11.2ms)[0m  [1m[35mCREATE TABLE "comments" ("id" INTEGER PRIMARY KEY AUTOINCREMENT NOT NULL, "author" varchar, "content" text, "commentable_type" varchar, "commentable_id" integer, "created_at" datetime NOT NULL, "updated_at" datetime NOT NULL)[0m
  [1m[35m (0.2ms)[0m  [1m[34mselect sqlite_version(*)[0m
  [1m[35m (1.9ms)[0m  [1m[35mCREATE  INDEX "index_comments_on_commentable_type_and_commentable_id" ON "comments" ("commentable_type", "commentable_id")[0m
  [1m[35mSQL (1.9ms)[0m  [1m[32mINSERT INTO "schema_migrations" ("version") VALUES (?)[0m  [["version", "20190312195252"]]
  [1m[35m (11.8ms)[0m  [1m[36mcommit transaction[0m
  [1m[36mActiveRecord::InternalMetadata Load (4.2ms)[0m  [1m[34mSELECT  "ar_internal_metadata".* FROM "ar_internal_metadata" WHERE "ar_internal_metadata"."key" = ? LIMIT ?[0m  [["key", "environment"], ["LIMIT", 1]]
  [1m[35m (0.3ms)[0m  [1m[36mbegin transaction[0m
  [1m[35m (0.1ms)[0m  [1m[36mcommit transaction[0m
  [1m[36mActiveRecord::SchemaMigration Load (3.4ms)[0m  [1m[34mSELECT "schema_migrations".* FROM "schema_migrations"[0m
  [1m[35m (3.5ms)[0m  [1m[34m            SELECT sql
            FROM sqlite_master
            WHERE name='index_comments_on_commentable_type_and_commentable_id' AND type='index'
            UNION ALL
            SELECT sql
            FROM sqlite_temp_master
            WHERE name='index_comments_on_commentable_type_and_commentable_id' AND type='index'
[0m
  [1m[35m (3.3ms)[0m  [1m[34m            SELECT sql
            FROM sqlite_master
            WHERE name='index_messages_on_user_id' AND type='index'
            UNION ALL
            SELECT sql
            FROM sqlite_temp_master
            WHERE name='index_messages_on_user_id' AND type='index'
[0m
  [1m[35m (3.4ms)[0m  [1m[34m            SELECT sql
            FROM sqlite_master
            WHERE name='index_messages_on_post_id' AND type='index'
            UNION ALL
            SELECT sql
            FROM sqlite_temp_master
            WHERE name='index_messages_on_post_id' AND type='index'
[0m
  [1m[35m (4.1ms)[0m  [1m[34m            SELECT sql
            FROM sqlite_master
            WHERE name='index_owners_on_blog_id' AND type='index'
            UNION ALL
            SELECT sql
            FROM sqlite_temp_master
            WHERE name='index_owners_on_blog_id' AND type='index'
[0m
  [1m[35m (3.6ms)[0m  [1m[34m            SELECT sql
            FROM sqlite_master
            WHERE name='index_owners_on_user_id' AND type='index'
            UNION ALL
            SELECT sql
            FROM sqlite_temp_master
            WHERE name='index_owners_on_user_id' AND type='index'
[0m
  [1m[35m (3.2ms)[0m  [1m[34m            SELECT sql
            FROM sqlite_master
            WHERE name='index_posts_on_user_id' AND type='index'
            UNION ALL
            SELECT sql
            FROM sqlite_temp_master
            WHERE name='index_posts_on_user_id' AND type='index'
[0m
  [1m[35m (3.5ms)[0m  [1m[34m            SELECT sql
            FROM sqlite_master
            WHERE name='index_posts_on_blog_id' AND type='index'
            UNION ALL
            SELECT sql
            FROM sqlite_temp_master
            WHERE name='index_posts_on_blog_id' AND type='index'
[0m
  [1m[36mUser Load (3.5ms)[0m  [1m[34mSELECT  "users".* FROM "users" ORDER BY "users"."id" ASC LIMIT ?[0m  [["LIMIT", 1]]
  [1m[36mUser Load (3.8ms)[0m  [1m[34mSELECT  "users".* FROM "users" ORDER BY "users"."id" ASC LIMIT ?[0m  [["LIMIT", 1]]
  [1m[36mUser Load (4.1ms)[0m  [1m[34mSELECT  "users".* FROM "users" ORDER BY "users"."id" ASC LIMIT ?[0m  [["LIMIT", 1]]
  [1m[36mUser Load (4.4ms)[0m  [1m[34mSELECT  "users".* FROM "users" ORDER BY "users"."id" ASC LIMIT ?[0m  [["LIMIT", 1]]
  [1m[36mComment Load (4.6ms)[0m  [1m[34mSELECT "comments".* FROM "comments"[0m
  [1m[36mUser Load (4.5ms)[0m  [1m[34mSELECT  "users".* FROM "users" ORDER BY "users"."id" ASC LIMIT ?[0m  [["LIMIT", 1]]
  [1m[36mComment Load (4.5ms)[0m  [1m[34mSELECT "comments".* FROM "comments" WHERE "comments"."imageable_id" = ? AND "comments"."imageable_type" = ?[0m  [["imageable_id", 1], ["imageable_type", "User"]]
  [1m[36mUser Load (4.3ms)[0m  [1m[34mSELECT  "users".* FROM "users" ORDER BY "users"."id" ASC LIMIT ?[0m  [["LIMIT", 1]]
  [1m[36mComment Load (4.6ms)[0m  [1m[34mSELECT  "comments".* FROM "comments" WHERE "comments"."imageable_id" = ? AND "comments"."imageable_type" = ? AND "comments"."id" = ? LIMIT ?[0m  [["imageable_id", 1], ["imageable_type", "User"], ["id", 1], ["LIMIT", 1]]
  [1m[36mUser Load (5.4ms)[0m  [1m[34mSELECT "users".* FROM "users"[0m
  [1m[36mUser Load (4.8ms)[0m  [1m[34mSELECT "users".* FROM "users"[0m
  [1m[36mComment Load (4.0ms)[0m  [1m[34mSELECT "comments".* FROM "comments"[0m
  [1m[36mUser Load (4.0ms)[0m  [1m[34mSELECT  "users".* FROM "users" ORDER BY "users"."id" ASC LIMIT ?[0m  [["LIMIT", 1]]
  [1m[35m (0.1ms)[0m  [1m[36mbegin transaction[0m
  [1m[36mUser Load (3.5ms)[0m  [1m[34mSELECT  "users".* FROM "users" WHERE "users"."id" = ? LIMIT ?[0m  [["id", 1], ["LIMIT", 1]]
  [1m[35mSQL (8.5ms)[0m  [1m[32mINSERT INTO "comments" ("author", "content", "commentable_type", "commentable_id", "created_at", "updated_at") VALUES (?, ?, ?, ?, ?, ?)[0m  [["author", "John"], ["content", "This is a comment"], ["commentable_type", "User"], ["commentable_id", 1], ["created_at", "2019-03-12 20:13:32.023372"], ["updated_at", "2019-03-12 20:13:32.023372"]]
  [1m[35m (8.3ms)[0m  [1m[36mcommit transaction[0m
  [1m[36mComment Load (4.3ms)[0m  [1m[34mSELECT "comments".* FROM "comments"[0m
  [1m[35m (0.1ms)[0m  [1m[36mbegin transaction[0m
  [1m[36mBlog Load (0.4ms)[0m  [1m[34mSELECT  "blogs".* FROM "blogs" WHERE "blogs"."id" = ? LIMIT ?[0m  [["id", 1], ["LIMIT", 1]]
  [1m[35mSQL (50.9ms)[0m  [1m[33mUPDATE "comments" SET "commentable_type" = ?, "updated_at" = ? WHERE "comments"."id" = ?[0m  [["commentable_type", "Blog"], ["updated_at", "2019-03-12 20:18:15.207481"], ["id", 1]]
  [1m[35m (6.8ms)[0m  [1m[36mcommit transaction[0m
  [1m[36mComment Load (4.1ms)[0m  [1m[34mSELECT "comments".* FROM "comments"[0m
  [1m[35m (0.1ms)[0m  [1m[36mbegin transaction[0m
  [1m[36mUser Load (4.2ms)[0m  [1m[34mSELECT  "users".* FROM "users" WHERE "users"."id" = ? LIMIT ?[0m  [["id", 1], ["LIMIT", 1]]
  [1m[35mSQL (6.4ms)[0m  [1m[33mUPDATE "comments" SET "commentable_type" = ?, "updated_at" = ? WHERE "comments"."id" = ?[0m  [["commentable_type", "User"], ["updated_at", "2019-03-12 20:18:40.511090"], ["id", 1]]
  [1m[35m (7.6ms)[0m  [1m[36mcommit transaction[0m
  [1m[36mComment Load (3.8ms)[0m  [1m[34mSELECT "comments".* FROM "comments"[0m
  [1m[35m (0.1ms)[0m  [1m[36mbegin transaction[0m
  [1m[36mBlog Load (4.1ms)[0m  [1m[34mSELECT  "blogs".* FROM "blogs" WHERE "blogs"."id" = ? LIMIT ?[0m  [["id", 1], ["LIMIT", 1]]
  [1m[35mSQL (6.8ms)[0m  [1m[32mINSERT INTO "comments" ("author", "content", "commentable_type", "commentable_id", "created_at", "updated_at") VALUES (?, ?, ?, ?, ?, ?)[0m  [["author", "John"], ["content", "This is a comment"], ["commentable_type", "Blog"], ["commentable_id", 1], ["created_at", "2019-03-12 20:20:12.987465"], ["updated_at", "2019-03-12 20:20:12.987465"]]
  [1m[35m (8.0ms)[0m  [1m[36mcommit transaction[0m
  [1m[36mComment Load (4.5ms)[0m  [1m[34mSELECT "comments".* FROM "comments"[0m
  [1m[35m (0.2ms)[0m  [1m[36mbegin transaction[0m
  [1m[36mPost Load (0.6ms)[0m  [1m[34mSELECT  "posts".* FROM "posts" WHERE "posts"."id" = ? LIMIT ?[0m  [["id", 1], ["LIMIT", 1]]
  [1m[35mSQL (6.4ms)[0m  [1m[32mINSERT INTO "comments" ("author", "content", "commentable_type", "commentable_id", "created_at", "updated_at") VALUES (?, ?, ?, ?, ?, ?)[0m  [["author", "John"], ["content", "This is a comment"], ["commentable_type", "Post"], ["commentable_id", 1], ["created_at", "2019-03-12 20:21:22.127080"], ["updated_at", "2019-03-12 20:21:22.127080"]]
  [1m[35m (8.4ms)[0m  [1m[36mcommit transaction[0m
  [1m[35m (0.2ms)[0m  [1m[36mbegin transaction[0m
  [1m[36mMessage Load (0.5ms)[0m  [1m[34mSELECT  "messages".* FROM "messages" WHERE "messages"."id" = ? LIMIT ?[0m  [["id", 1], ["LIMIT", 1]]
  [1m[35mSQL (6.9ms)[0m  [1m[32mINSERT INTO "comments" ("author", "content", "commentable_type", "commentable_id", "created_at", "updated_at") VALUES (?, ?, ?, ?, ?, ?)[0m  [["author", "John"], ["content", "This is a comment"], ["commentable_type", "Message"], ["commentable_id", 1], ["created_at", "2019-03-12 20:22:01.847426"], ["updated_at", "2019-03-12 20:22:01.847426"]]
  [1m[35m (7.1ms)[0m  [1m[36mcommit transaction[0m
  [1m[36mComment Load (4.2ms)[0m  [1m[34mSELECT "comments".* FROM "comments"[0m
  [1m[36mUser Load (4.3ms)[0m  [1m[34mSELECT  "users".* FROM "users" ORDER BY "users"."id" ASC LIMIT ?[0m  [["LIMIT", 1]]
  [1m[36mComment Load (4.7ms)[0m  [1m[34mSELECT "comments".* FROM "comments" WHERE "comments"."imageable_id" = ? AND "comments"."imageable_type" = ?[0m  [["imageable_id", 1], ["imageable_type", "User"]]
  [1m[36mUser Load (3.6ms)[0m  [1m[34mSELECT  "users".* FROM "users" ORDER BY "users"."id" ASC LIMIT ?[0m  [["LIMIT", 1]]
  [1m[36mComment Load (4.7ms)[0m  [1m[34mSELECT "comments".* FROM "comments" WHERE "comments"."imageable_id" = ? AND "comments"."imageable_type" = ?[0m  [["imageable_id", 1], ["imageable_type", "User"]]
  [1m[36mComment Load (4.1ms)[0m  [1m[34mSELECT  "comments".* FROM "comments" WHERE "comments"."id" = ? LIMIT ?[0m  [["id", 1], ["LIMIT", 1]]
  [1m[36mComment Load (4.4ms)[0m  [1m[34mSELECT "comments".* FROM "comments" WHERE "comments"."commentable_type" = ?[0m  [["commentable_type", "Blog"]]
  [1m[36mUser Load (4.3ms)[0m  [1m[34mSELECT  "users".* FROM "users" ORDER BY "users"."id" ASC LIMIT ?[0m  [["LIMIT", 1]]
  [1m[36mComment Load (4.8ms)[0m  [1m[34mSELECT "comments".* FROM "comments" WHERE "comments"."imageable_id" = ? AND "comments"."imageable_type" = ?[0m  [["imageable_id", 1], ["imageable_type", "User"]]
  [1m[36mUser Load (3.8ms)[0m  [1m[34mSELECT  "users".* FROM "users" ORDER BY "users"."id" ASC LIMIT ?[0m  [["LIMIT", 1]]
  [1m[36mComment Load (3.6ms)[0m  [1m[34mSELECT "comments".* FROM "comments" WHERE "comments"."commentable_id" = ? AND "comments"."commentable_type" = ?[0m  [["commentable_id", 1], ["commentable_type", "User"]]
  [1m[36mUser Load (4.5ms)[0m  [1m[34mSELECT  "users".* FROM "users" ORDER BY "users"."id" ASC LIMIT ?[0m  [["LIMIT", 1]]
  [1m[36mComment Load (4.1ms)[0m  [1m[34mSELECT "comments".* FROM "comments" WHERE "comments"."commentable_id" = ? AND "comments"."commentable_type" = ?[0m  [["commentable_id", 1], ["commentable_type", "User"]]
  [1m[36mComment Load (4.5ms)[0m  [1m[34mSELECT "comments".* FROM "comments" WHERE "comments"."author" = ?[0m  [["author", "User"]]
  [1m[36mComment Load (4.2ms)[0m  [1m[34mSELECT "comments".* FROM "comments" WHERE "comments"."commentable_type" = ?[0m  [["commentable_type", "User"]]
  [1m[35m (0.1ms)[0m  [1m[36mbegin transaction[0m
  [1m[36mUser Load (4.4ms)[0m  [1m[34mSELECT  "users".* FROM "users" WHERE "users"."id" = ? LIMIT ?[0m  [["id", 1], ["LIMIT", 1]]
  [1m[35mSQL (6.6ms)[0m  [1m[33mUPDATE "comments" SET "content" = ?, "updated_at" = ? WHERE "comments"."id" = ?[0m  [["content", "New comment"], ["updated_at", "2019-03-12 20:33:55.612783"], ["id", 1]]
  [1m[35m (8.9ms)[0m  [1m[36mcommit transaction[0m
  [1m[36mComment Load (4.4ms)[0m  [1m[34mSELECT "comments".* FROM "comments" WHERE "comments"."commentable_type" = ?[0m  [["commentable_type", "Blog"]]
  [1m[35m (0.1ms)[0m  [1m[36mbegin transaction[0m
  [1m[36mBlog Load (0.5ms)[0m  [1m[34mSELECT  "blogs".* FROM "blogs" WHERE "blogs"."id" = ? LIMIT ?[0m  [["id", 1], ["LIMIT", 1]]
  [1m[35mSQL (6.2ms)[0m  [1m[33mUPDATE "comments" SET "content" = ?, "updated_at" = ? WHERE "comments"."id" = ?[0m  [["content", "This is an updated comment..."], ["updated_at", "2019-03-12 20:35:55.186222"], ["id", 2]]
  [1m[35m (6.4ms)[0m  [1m[36mcommit transaction[0m
  [1m[36mComment Load (4.9ms)[0m  [1m[34mSELECT "comments".* FROM "comments"[0m
  [1m[35m (0.1ms)[0m  [1m[36mbegin transaction[0m
  [1m[36mUser Load (3.8ms)[0m  [1m[34mSELECT  "users".* FROM "users" WHERE "users"."id" = ? LIMIT ?[0m  [["id", 2], ["LIMIT", 1]]
  [1m[35mSQL (7.5ms)[0m  [1m[32mINSERT INTO "comments" ("author", "content", "commentable_type", "commentable_id", "created_at", "updated_at") VALUES (?, ?, ?, ?, ?, ?)[0m  [["author", "Jane"], ["content", "What?!"], ["commentable_type", "User"], ["commentable_id", 2], ["created_at", "2019-03-12 20:37:19.256449"], ["updated_at", "2019-03-12 20:37:19.256449"]]
  [1m[35m (8.6ms)[0m  [1m[36mcommit transaction[0m
  [1m[36mComment Load (4.0ms)[0m  [1m[34mSELECT "comments".* FROM "comments"[0m
  [1m[36mUser Load (4.4ms)[0m  [1m[34mSELECT  "users".* FROM "users" ORDER BY "users"."id" ASC LIMIT ?[0m  [["LIMIT", 1]]
  [1m[36mComment Load (4.1ms)[0m  [1m[34mSELECT "comments".* FROM "comments" WHERE "comments"."commentable_id" = ? AND "comments"."commentable_type" = ?[0m  [["commentable_id", 1], ["commentable_type", "User"]]
  [1m[36mUser Load (5.2ms)[0m  [1m[34mSELECT  "users".* FROM "users" ORDER BY "users"."id" ASC LIMIT ? OFFSET ?[0m  [["LIMIT", 1], ["OFFSET", 1]]
  [1m[36mComment Load (4.2ms)[0m  [1m[34mSELECT "comments".* FROM "comments" WHERE "comments"."commentable_id" = ? AND "comments"."commentable_type" = ?[0m  [["commentable_id", 2], ["commentable_type", "User"]]
  [1m[36mBlog Load (4.5ms)[0m  [1m[34mSELECT  "blogs".* FROM "blogs" ORDER BY "blogs"."id" ASC LIMIT ?[0m  [["LIMIT", 1]]
  [1m[36mComment Load (4.0ms)[0m  [1m[34mSELECT "comments".* FROM "comments" WHERE "comments"."commentable_id" = ? AND "comments"."commentable_type" = ?[0m  [["commentable_id", 1], ["commentable_type", "Blog"]]
  [1m[35m (0.1ms)[0m  [1m[36mbegin transaction[0m
  [1m[36mUser Load (4.4ms)[0m  [1m[34mSELECT  "users".* FROM "users" WHERE "users"."id" = ? LIMIT ?[0m  [["id", 1], ["LIMIT", 1]]
  [1m[35mSQL (8.2ms)[0m  [1m[32mINSERT INTO "comments" ("author", "content", "commentable_type", "commentable_id", "created_at", "updated_at") VALUES (?, ?, ?, ?, ?, ?)[0m  [["author", "Nobody"], ["content", "This is for deleting!"], ["commentable_type", "User"], ["commentable_id", 1], ["created_at", "2019-03-12 20:41:06.605774"], ["updated_at", "2019-03-12 20:41:06.605774"]]
  [1m[35m (8.2ms)[0m  [1m[36mcommit transaction[0m
  [1m[36mComment Load (4.2ms)[0m  [1m[34mSELECT "comments".* FROM "comments"[0m
  [1m[36mUser Load (4.3ms)[0m  [1m[34mSELECT  "users".* FROM "users" ORDER BY "users"."id" DESC LIMIT ?[0m  [["LIMIT", 1]]
  [1m[36mComment Load (4.3ms)[0m  [1m[34mSELECT "comments".* FROM "comments" WHERE "comments"."commentable_id" = ? AND "comments"."commentable_type" = ?[0m  [["commentable_id", 5], ["commentable_type", "User"]]
  [1m[36mComment Load (4.7ms)[0m  [1m[34mSELECT "comments".* FROM "comments" WHERE "comments"."author" = ?[0m  [["author", "Nobody"]]
  [1m[36mComment Load (4.2ms)[0m  [1m[34mSELECT "comments".* FROM "comments" WHERE "comments"."author" = ?[0m  [["author", "Nobody"]]
  [1m[35m (0.4ms)[0m  [1m[36mbegin transaction[0m
  [1m[35mSQL (56.7ms)[0m  [1m[31mDELETE FROM "comments" WHERE "comments"."id" = ?[0m  [["id", 6]]
  [1m[35m (8.6ms)[0m  [1m[36mcommit transaction[0m
  [1m[36mComment Load (4.5ms)[0m  [1m[34mSELECT "comments".* FROM "comments"[0m
